{
  "RSpec": {
    "coverage": {
      "D:/Estudos/trab/Smart-Diet/spec/helpers/calculadora_helper_spec.rb": [
        1,
        null,
        null,
        null,
        null,
        null,
        null,
        null,
        null,
        null,
        null,
        null,
        0,
        0,
        null
      ],
      "C:/Users/Dell/Documents/GitHub/Smart-Diet/spec/rails_helper.rb": [
        null,
        1,
        1,
        1,
        null,
        0,
        0,
        null,
        null,
        null,
        null,
        null,
        null,
        null,
        null,
        null,
        null,
        null,
        null,
        null,
        null,
        null,
        null,
        null,
        null,
        null,
        null,
        0,
        null,
        0,
        0,
        null,
        0,
        null,
        0,
        null,
        null,
        null,
        null,
        0,
        null,
        null,
        null,
        null,
        null,
        null,
        null,
        null,
        null,
        null,
        null,
        null,
        null,
        null,
        null,
        null,
        null,
        0,
        null,
        null,
        0,
        null,
        null,
        null
      ],
      "C:/Users/Dell/Documents/GitHub/Smart-Diet/config/environment.rb": [
        null,
        1,
        null,
        null,
        1
      ],
      "C:/Users/Dell/Documents/GitHub/Smart-Diet/config/application.rb": [
        1,
        null,
        1,
        null,
        null,
        null,
        1,
        null,
        1,
        1,
        null,
        1,
        null,
        null,
        null,
        null,
        null,
        null,
        null
      ],
      "C:/Users/Dell/Documents/GitHub/Smart-Diet/config/boot.rb": [
        1,
        null,
        1,
        1
      ],
      "C:/Users/Dell/Documents/GitHub/Smart-Diet/config/environments/test.rb": [
        null,
        null,
        null,
        null,
        null,
        1,
        null,
        null,
        1,
        1,
        null,
        null,
        null,
        null,
        1,
        null,
        null,
        1,
        1,
        null,
        null,
        null,
        null,
        1,
        1,
        1,
        null,
        null,
        1,
        null,
        null,
        1,
        null,
        null,
        1,
        null,
        1,
        null,
        null,
        null,
        null,
        1,
        null,
        null,
        1,
        null,
        null,
        null,
        null
      ],

      "C:/Users/Dell/Documents/GitHub/Smart-Diet/config/initializers/application_controller_renderer.rb": [
        null,
        null,
        null,
        null,
        null,
        null,
        null,
        null
      ],
      "C:/Users/Dell/Documents/GitHub/Smart-Diet/config/initializers/assets.rb": [
        null,
        null,
        null,
        1,
        null,
        null,
        null,
        null,
        null,
        null,
        null,
        null,

        null
      ],
      "C:/Users/Dell/Documents/GitHub/Smart-Diet/config/initializers/backtrace_silencers.rb": [
        null,
        null,
        null,
        null,
        null,
        null,
        0,
        0,
        null
      ],

      "C:/Users/Dell/Documents/GitHub/Smart-Diet/config/initializers/content_security_policy.rb": [

        null,
        null,
        null,
        null,
        null,
        null,
        null,
        null,
        null,
        null,
        null,
        0,
        0,
        null
      ],
      "D:/Estudos/trab/Smart-Diet/spec/helpers/welcome_helper_spec.rb": [
        1,
        null,
        null,
        null,
        null,
        null,
        null,
        null,
        null,
        null,
        null,
        null,
        0,
        0,
        null
      ],
      "D:/Estudos/trab/Smart-Diet/spec/models/calculadora_spec.rb": [
        1,
        null,
        1,
        null,
        1,
        0,
        0,
        null,
        null,
        null,
        1,
        0,
        0,
        null,
        null,
        1,
        0,
        0,
        0,
        null,
        null
      ],

      "C:/Users/Dell/Documents/GitHub/Smart-Diet/config/initializers/cookies_serializer.rb": [
        null,
        null,
        null,
     "D:/Estudos/trab/Smart-Diet/lib/calculadora.rb": [
        1,
        1,
        0,
        0,
        null,
        null
      ],

      "C:/Users/Dell/Documents/GitHub/Smart-Diet/config/initializers/filter_parameter_logging.rb": [
        null,
        null,
      
        null,
        0,
        0,
        null
      ],

      "C:/Users/Dell/Documents/GitHub/Smart-Diet/config/initializers/inflections.rb": [
        null,
        null,
        null,
        null,
        null,
        null,
        null,
        null,
        null,
        null,
        null,
        null,
        null,
        null,
        null,
        0,
        0,
        null
      ],

      "C:/Users/Dell/Documents/GitHub/Smart-Diet/config/initializers/mime_types.rb": [
        null,
      "C:/Users/Dell/Documents/GitHub/Smart-Diet/config/initializers/wrap_parameters.rb": [
        null,
        null,
        null,
        0,
        null,
        null
      ],
      "D:/Estudos/trab/Smart-Diet/spec/requests/dieta_request_spec.rb": [
        1,
        null,
        0,
        null,
        0,
        0,
        0,
        0,
        null,
        null,
        null,
        0,
        0,
        0,
        0,
        null,
        null,

        null
      ],
      "C:/Users/Dell/Documents/GitHub/Smart-Diet/config/routes.rb": [
        1,
        1,
        1,
        1,
        1,
        1,
        null,
        null
      ],
      "C:/Users/Dell/Documents/GitHub/Smart-Diet/app/helpers/application_helper.rb": [
        1,
        null
      ],
      "C:/Users/Dell/Documents/GitHub/Smart-Diet/app/helpers/dieta_helper.rb": [
        1,
        null
      ],
      "C:/Users/Dell/Documents/GitHub/Smart-Diet/app/helpers/welcome_helper.rb": [
        1,
        null
      ],
      "C:/Users/Dell/Documents/GitHub/Smart-Diet/spec/helpers/welcome_helper_spec.rb": [
        1,
        null,
        null,
        null,
        null,
        null,
        null,
        null,
        null,
        null,
        null,
        null,
        1,
        1,
        null
      ],
      "C:/Users/Dell/Documents/GitHub/Smart-Diet/spec/models/dieta_spec.rb": [
        1,
        null,
        1,
        1,
        null
      ],
      "C:/Users/Dell/Documents/GitHub/Smart-Diet/app/models/dieta.rb": [
        1,
        null
      ],
      "C:/Users/Dell/Documents/GitHub/Smart-Diet/app/models/application_record.rb": [
        1,
        1,
        null
      ],
      "C:/Users/Dell/Documents/GitHub/Smart-Diet/spec/models/dietum_spec.rb": [
        1,
        null,
        1,
        1,
        null
      ],
      "C:/Users/Dell/Documents/GitHub/Smart-Diet/app/models/dietum.rb": [
        1,
        null
      ],
      "C:/Users/Dell/Documents/GitHub/Smart-Diet/spec/requests/dieta_request_spec.rb": [
        1,
        null,
        1,
        null,
        1,
        1,
        1,
        1,
        null,
        null,
        null,
        1,
        1,
        1,
        1,
        null,
        null,
        null,
        null
      ],
      "C:/Users/Dell/Documents/GitHub/Smart-Diet/spec/requests/welcome_request_spec.rb": [
        1,
        null,
        1,
        null,
        1,
        1,
        1,
        1,
        null,
        null,
        null,
        null
      ],
      "C:/Users/Dell/Documents/GitHub/Smart-Diet/spec/views/dieta/index.html.erb_spec.rb": [
        1,
        null,
        1,
        1,
        null
      ],

      "C:/Users/Dell/Documents/GitHub/Smart-Diet/spec/views/dieta/show.html.erb_spec.rb": [

      "C:/Users/Dell/Documents/GitHub/Smart-Diet/spec/views/welcome/index.html.erb_spec.rb": [
        1,
        null,
        1,
        1,
        null
      ],
      "C:/Users/Dell/Documents/GitHub/Smart-Diet/app/controllers/application_controller.rb": [
        1,
        null
      ],
      "C:/Users/Dell/Documents/GitHub/Smart-Diet/app/controllers/dieta_controller.rb": [
        1,
        1,
        1,
        null,
        null,
        1,
        1,
        null,
        null,
        1,
        null,
        null
      ],
      "C:/Users/Dell/Documents/GitHub/Smart-Diet/app/controllers/welcome_controller.rb": [
        1,

      "D:/Estudos/trab/Smart-Diet/spec/views/dieta/show.html.erb_spec.rb": [
        1,
        null,
        0,
        0,
        null
      ],
      "D:/Estudos/trab/Smart-Diet/spec/views/welcome/index.html.erb_spec.rb": [

        1,
        null,
        0,
        0,
        null
      ]
    },

    "timestamp": 1604888235
  }
}
