{
  "RSpec": {
    "coverage": {
      "C:/Users/Dell/Documents/GitHub/Smart-Diet/spec/consulta_spec.rb": [
        1,
        null,
        1,
        1,
        1,
        1,
        null,
        null,
        null,
        null,
        null,
        null,
        null,
        1,
        1,
        null,
        null,
        1,
        1,
        1,
        null,
        null,
        null
      ],
      "C:/Users/Dell/Documents/GitHub/Smart-Diet/spec/rails_helper.rb": [
        null,
        1,
        1,
        1,
        null,
        1,
        1,
        null,
        null,
        null,
        null,
        null,
        null,
        null,
        null,
        null,
        null,
        null,
        null,
        null,
        null,
        null,
        null,
        null,
        null,
        null,
        null,
        1,
        null,
        0,
        0,
        null,
        1,
        null,
        1,
        null,
        null,
        null,
        null,
        1,
        null,
        null,
        null,
        null,
        null,
        null,
        null,
        null,
        null,
        null,
        null,
        null,
        null,
        null,
        null,
        null,
        null,
        1,
        null,
        null,
        1,
        null,
        null,
        null
      ],
      "C:/Users/Dell/Documents/GitHub/Smart-Diet/config/environment.rb": [
        null,
        1,
        null,
        null,
        1
      ],
      "C:/Users/Dell/Documents/GitHub/Smart-Diet/config/application.rb": [
        1,
        null,
        1,
        null,
        null,
        null,
        1,
        null,
        1,
        1,
        null,
        1,
        null,
        null,
        null,
        null,
        null,
        null,
        null
      ],
      "C:/Users/Dell/Documents/GitHub/Smart-Diet/config/boot.rb": [
        1,
        null,
        1,
        1
      ],
      "C:/Users/Dell/Documents/GitHub/Smart-Diet/config/environments/test.rb": [
        null,
        null,
        null,
        null,
        null,
        1,
        null,
        null,
        1,
        1,
        null,
        null,
        null,
        null,
        1,
        null,
        null,
        1,
        1,
        null,
        null,
        null,
        null,
        1,
        1,
        1,
        null,
        null,
        1,
        null,
        null,
        1,
        null,
        null,
        1,
        null,
        1,
        null,
        null,
        null,
        null,
        1,
        null,
        null,
        1,
        null,
        null,
        null,
        null
      ],
      "C:/Users/Dell/Documents/GitHub/Smart-Diet/config/initializers/application_controller_renderer.rb": [
        null,
        null,
        null,
        null,
        null,
        null,
        null,
        null
      ],
      "C:/Users/Dell/Documents/GitHub/Smart-Diet/config/initializers/assets.rb": [
        null,
        null,
        null,
        1,
        null,
        null,
        null,
        null,
        1,
        null,
        null,
        null,
        null,
        null
      ],
      "C:/Users/Dell/Documents/GitHub/Smart-Diet/config/initializers/backtrace_silencers.rb": [
        null,
        null,
        null,
        null,
        null,
        null,
        null
      ],
      "C:/Users/Dell/Documents/GitHub/Smart-Diet/config/initializers/content_security_policy.rb": [
        null,
        null,
        null,
        null,
        null,
        null,
        null,
        null,
        null,
        null,
        null,
        null,
        null,
        null,
        null,
        null,
        null,
        null,
        null,
        null,
        null,
        null,
        null,
        null,
        null,
        null,
        null,
        null,
        null,
        null
      ],
      "C:/Users/Dell/Documents/GitHub/Smart-Diet/config/initializers/cookies_serializer.rb": [
        null,
        null,
        null,
        null,
        1
      ],
      "C:/Users/Dell/Documents/GitHub/Smart-Diet/config/initializers/filter_parameter_logging.rb": [
        null,
        null,
        null,
        1
      ],
      "C:/Users/Dell/Documents/GitHub/Smart-Diet/config/initializers/inflections.rb": [
        null,
        null,
        null,
        null,
        null,
        null,
        null,
        null,
        null,
        null,
        null,
        null,
        null,
        null,
        null,
        null
      ],
      "C:/Users/Dell/Documents/GitHub/Smart-Diet/config/initializers/mime_types.rb": [
        null,
        null,
        null,
        null
      ],
      "C:/Users/Dell/Documents/GitHub/Smart-Diet/config/initializers/wrap_parameters.rb": [
        null,
        null,
        null,
        null,
        null,
        null,
        1,
        2,
        null,
        null,
        null,
        null,
        null,
        null
      ],
      "C:/Users/Dell/Documents/GitHub/Smart-Diet/config/routes.rb": [
        1,
        null,
        1,
        null,
        1,
        1,
        1,
        1,
        1,
        1,
        1,
        1,
        1,
        1,
        null,
        null,
        null,
        null
      ],
      "C:/Users/Dell/Documents/GitHub/Smart-Diet/app/helpers/application_helper.rb": [
        1,
        null
      ],
      "C:/Users/Dell/Documents/GitHub/Smart-Diet/app/helpers/calculadora_helper.rb": [
        1,
        null
      ],
      "C:/Users/Dell/Documents/GitHub/Smart-Diet/app/helpers/calculadoras_helper.rb": [
        1,
        null
      ],
      "C:/Users/Dell/Documents/GitHub/Smart-Diet/app/helpers/calculator_helper.rb": [
        1,
        null
      ],
      "C:/Users/Dell/Documents/GitHub/Smart-Diet/app/helpers/consulta_helper.rb": [
        1,
        null
      ],
      "C:/Users/Dell/Documents/GitHub/Smart-Diet/app/helpers/dieta_helper.rb": [
        1,
        null
      ],
      "C:/Users/Dell/Documents/GitHub/Smart-Diet/app/helpers/nutricionista_helper.rb": [
        1,
        null
      ],
      "C:/Users/Dell/Documents/GitHub/Smart-Diet/app/helpers/welcome_helper.rb": [
        1,
        null
      ],
      "C:/Users/Dell/Documents/GitHub/Smart-Diet/app/models/consultum.rb": [
        1,
        null
      ],
      "C:/Users/Dell/Documents/GitHub/Smart-Diet/app/models/application_record.rb": [
        1,
        1,
        null
      ],
      "C:/Users/Dell/Documents/GitHub/Smart-Diet/spec/helpers/calculadora_helper_spec.rb": [
        1,
        null,
        null,
        null,
        null,
        null,
        null,
        null,
        null,
        null,
        null,
        null
      ],
      "C:/Users/Dell/Documents/GitHub/Smart-Diet/spec/helpers/calculadoras_helper_spec.rb": [
        1,
        null,
        null,
        null,
        null,
        null,
        null,
        null,
        null,
        null,
        null,
        null
      ],
      "C:/Users/Dell/Documents/GitHub/Smart-Diet/spec/helpers/calculator_helper_spec.rb": [
        1,
        null,
        null,
        null,
        null,
        null,
        null,
        null,
        null,
        null,
        null,
        null
      ],
      "C:/Users/Dell/Documents/GitHub/Smart-Diet/spec/helpers/consulta_helper_spec.rb": [
        1,
        null,
        null,
        null,
        null,
        null,
        null,
        null,
        null,
        null,
        null,
        null,
        1,
        1,
        null
      ],
      "C:/Users/Dell/Documents/GitHub/Smart-Diet/spec/helpers/dieta_helper_spec.rb": [
        1,
        null,
        null,
        null,
        null,
        null,
        null,
        null,
        null,
        null,
        null,
        null
      ],
      "C:/Users/Dell/Documents/GitHub/Smart-Diet/spec/helpers/nutricionista_helper_spec.rb": [
        1,
        null,
        null,
        null,
        null,
        null,
        null,
        null,
        null,
        null,
        null,
        null
      ],
      "C:/Users/Dell/Documents/GitHub/Smart-Diet/spec/helpers/welcome_helper_spec.rb": [
        1,
        null,
        null,
        null,
        null,
        null,
        null,
        null,
        null,
        null,
        null,
        null
      ],
      "C:/Users/Dell/Documents/GitHub/Smart-Diet/spec/models/calculadora_spec.rb": [
        1,
        null,
        null,
        1,
        null,
        1,
        1,
        1,
        null,
        null,
        null,
        1,
        1,
        1,
        null,
        null,
        1,
        1,
        1,
        1,
        null,
        null
      ],
      "C:/Users/Dell/Documents/GitHub/Smart-Diet/lib/calculadora.rb": [
        1,
        1,
        1,
        1,
        null,
        null
      ],
      "C:/Users/Dell/Documents/GitHub/Smart-Diet/app/models/calculadora.rb": [
        1,
        null,
        null
      ],
      "C:/Users/Dell/Documents/GitHub/Smart-Diet/spec/models/consultum_spec.rb": [
        1,
        null,
        1,
        1,
        null
      ],
      "C:/Users/Dell/Documents/GitHub/Smart-Diet/spec/models/dieta_spec.rb": [
        1
      ],
      "C:/Users/Dell/Documents/GitHub/Smart-Diet/spec/models/dietum_spec.rb": [
        1
      ],
      "C:/Users/Dell/Documents/GitHub/Smart-Diet/spec/models/nutricionista_spec.rb": [
        1,
        null,
        1,
        1,
        1,
        null,
        null,
        null,
        1,
        null,
        null,
        null,
        1,
        1,
        1,
        1,
        1,
        null,
        null,
        null,
        1,
        1,
        1,
        null,
        1,
        null,
        1,
        1,
        1,
        null,
        null
      ],
      "C:/Users/Dell/Documents/GitHub/Smart-Diet/app/models/nutricionistum.rb": [
        1,
        1,
        1,
        1,
        1,
        1,
        null
      ],
      "C:/Users/Dell/Documents/GitHub/Smart-Diet/spec/requests/calculadora_request_spec.rb": [
        1,
        null,
        1,
        null,
        null
      ],
      "C:/Users/Dell/Documents/GitHub/Smart-Diet/spec/requests/calculadoras_request_spec.rb": [
        1,
        null,
        1,
        null,
        null
      ],
      "C:/Users/Dell/Documents/GitHub/Smart-Diet/spec/requests/calculator_request_spec.rb": [
        1,
        null,
        1,
        null,
        null
      ],
      "C:/Users/Dell/Documents/GitHub/Smart-Diet/spec/requests/consulta_spec.rb": [
        1,
        null,
        null,
        null,
        null,
        null,
        null,
        null,
        null,
        null,
        null,
        null,
        null,
        null,
        1,
        null,
        null,
        1,
        10,
        null,
        null,
        1,
        2,
        null,
        null,
        1,
        1,
        1,
        0,
        0,
        null,
        null,
        null,
        1,
        1,
        1,
        0,
        0,
        null,
        null,
        null,
        1,
        1,
        1,
        1,
        null,
        null,
        null,
        1,
        1,
        1,
        0,
        0,
        null,
        null,
        null,
        1,
        1,
        1,
        1,
        1,
        null,
        null,
        null,
        1,
        1,
        0,
        null,
        null,
        null,
        1,
        1,
        1,
        1,
        null,
        null,
        null,
        1,
        1,
        0,
        null,
        null,
        null,
        null,
        1,
        1,
        1,
        0,
        null,
        null,
        1,
        1,
        0,
        0,
        0,
        null,
        null,
        1,
        1,
        0,
        0,
        0,
        null,
        null,
        null,
        1,
        1,
        1,
        0,
        0,
        null,
        null,
        null,
        null,
        1,
        1,
        1,
        0,
        0,
        null,
        null,
        null,
        1,
        1,
        0,
        0,
        null,
        null,
        null
      ],
      "C:/Users/Dell/Documents/GitHub/Smart-Diet/spec/requests/dieta_request_spec.rb": [
        1,
        null,
        1,
        null,
        1,
        1,
        1,
        1,
        null,
        null,
        null,
        1,
        1,
        1,
        1,
        null,
        null,
        null,
        null
      ],
      "C:/Users/Dell/Documents/GitHub/Smart-Diet/spec/requests/nutricionista_request_spec.rb": [
        1,
        null,
        1,
        null,
        1,
        1,
        1,
        1,
        null,
        null,
        null,
        null
      ],
      "C:/Users/Dell/Documents/GitHub/Smart-Diet/spec/requests/welcome_request_spec.rb": [
        1,
        null,
        1,
        null,
        1,
        1,
        1,
        1,
        null,
        null,
        null,
        null
      ],
      "C:/Users/Dell/Documents/GitHub/Smart-Diet/spec/routing/consulta_routing_spec.rb": [
        1,
        null,
        1,
        1,
        1,
        1,
        null,
        null,
        1,
        1,
        null,
        null,
        1,
        1,
        null,
        null,
        1,
        1,
        null,
        null,
        null,
        1,
        1,
        null,
        null,
        1,
        1,
        null,
        null,
        1,
        1,
        null,
        null,
        1,
        1,
        null,
        null,
        null
      ],
      "C:/Users/Dell/Documents/GitHub/Smart-Diet/app/controllers/consulta_controller.rb": [
        1,
        1,
        null,
        null,
        null,
        1,
        0,
        null,
        null,
        null,
        null,
        1,
        null,
        null,
        null,
        1,
        1,
        null,
        null,
        null,
        1,
        null,
        null,
        null,
        null,
        1,
        0,
        null,
        0,
        0,
        0,
        null,
        null,
        0,
        0,
        null,
        null,
        null,
        null,
        null,
        null,
        1,
        0,
        0,
        0,
        0,
        null,
        null,
        0,
        null,
        null,
        null,
        null,
        null,
        null,
        1,
        0,
        0,
        0,
        0,
        null,
        null,
        null,
        1,
        null,
        1,
        0,
        null,
        null,
        0,
        null,
        null,
        null,
        1,
        0,
        null,
        null
      ],
      "C:/Users/Dell/Documents/GitHub/Smart-Diet/app/controllers/application_controller.rb": [
        1,
        null
      ],
      "C:/Users/Dell/Documents/GitHub/Smart-Diet/spec/views/calculadora/index.html.erb_spec.rb": [
        null,
        null,
        null,
        null,
        null,
        null,
        null,
        null,
        null,
        null
      ],
      "C:/Users/Dell/Documents/GitHub/Smart-Diet/spec/views/consulta/edit.html.erb_spec.rb": [
        1,
        null,
        1,
        1,
        1,
        null,
        null,
        null,
        null,
        null,
        null,
        null,
        null,
        null,
        1,
        1,
        null,
        1,
        null,
        1,
        null,
        1,
        null,
        1,
        null,
        1,
        null,
        1,
        null,
        1,
        null,
        null,
        null
      ],
      "C:/Users/Dell/Documents/GitHub/Smart-Diet/spec/views/consulta/index.html.erb_spec.rb": [
        1,
        null,
        1,
        1,
        1,
        null,
        null,
        null,
        null,
        null,
        null,
        null,
        null,
        null,
        null,
        null,
        null,
        null,
        null,
        null,
        null,
        null,
        null,
        null,
        1,
        1,
        1,
        1,
        1,
        1,
        1,
        1,
        null,
        null
      ],
      "C:/Users/Dell/Documents/GitHub/Smart-Diet/spec/views/consulta/new.html.erb_spec.rb": [
        1,
        null,
        1,
        1,
        1,
        null,
        null,
        null,
        null,
        null,
        null,
        null,
        null,
        null,
        1,
        1,
        null,
        1,
        null,
        1,
        null,
        1,
        null,
        1,
        null,
        1,
        null,
        1,
        null,
        1,
        null,
        null,
        null
      ],
      "C:/Users/Dell/Documents/GitHub/Smart-Diet/spec/views/consulta/show.html.erb_spec.rb": [
        1,
        null,
        1,
        1,
        1,
        null,
        null,
        null,
        null,
        null,
        null,
        null,
        null,
        null,
        1,
        1,
        1,
        1,
        1,
        1,
        1,
        1,
        null,
        null
      ],
      "C:/Users/Dell/Documents/GitHub/Smart-Diet/spec/views/dieta/index.html.erb_spec.rb": [
        1
      ],
      "C:/Users/Dell/Documents/GitHub/Smart-Diet/spec/views/dieta/show.html.erb_spec.rb": [
        1
      ],
      "C:/Users/Dell/Documents/GitHub/Smart-Diet/spec/views/welcome/index.html.erb_spec.rb": [
        1
      ],
      "C:/Users/Dell/Documents/GitHub/Smart-Diet/app/controllers/dieta_controller.rb": [
        1,
        1,
        1,
        null,
        null,
        1,
        1,
        null,
        null,
        1,
        null,
        null
      ],
      "C:/Users/Dell/Documents/GitHub/Smart-Diet/app/models/dieta.rb": [
        1,
        null
      ],
      "C:/Users/Dell/Documents/GitHub/Smart-Diet/app/controllers/nutricionista_controller.rb": [
        1,
        null,
        1,
        1,
        1,
        null,
        null,
        1,
        null,
        null,
        1,
        0,
        null,
        null,
        1,
        0,
        0,
        0,
        null,
        0,
        null,
        null,
        null,
        null,
        1,
        0,
        null,
        null,
        null
      ],
      "C:/Users/Dell/Documents/GitHub/Smart-Diet/app/controllers/welcome_controller.rb": [
        1,
        1,
        null,
        null
      ]
    },
    "timestamp": 1607303960
  }
}
